
*** Running vivado
    with args -log Top_level.vds -m64 -product Vivado -mode batch -messageDb vivado.pb -notrace -source Top_level.tcl



****** Vivado v2020.2 (64-bit)
  **** SW Build 3064766 on Wed Nov 18 09:12:45 MST 2020
  **** IP Build 3064653 on Wed Nov 18 14:17:31 MST 2020
    ** Copyright 1986-2020 Xilinx, Inc. All Rights Reserved.

source Top_level.tcl -notrace
Command: synth_design -top Top_level -part xc7a50ticsg324-1L
Starting synth_design
Attempting to get a license for feature 'Synthesis' and/or device 'xc7a50ti'
INFO: [Common 17-349] Got license for feature 'Synthesis' and/or device 'xc7a50ti'
INFO: [Device 21-403] Loading part xc7a50ticsg324-1L
INFO: [Synth 8-7079] Multithreading enabled for synth_design using a maximum of 2 processes.
INFO: [Synth 8-7078] Launching helper process for spawning children vivado processes
INFO: [Synth 8-7075] Helper process launched with PID 5760
---------------------------------------------------------------------------------
Starting RTL Elaboration : Time (s): cpu = 00:00:04 ; elapsed = 00:00:05 . Memory (MB): peak = 985.945 ; gain = 0.000
---------------------------------------------------------------------------------
INFO: [Synth 8-638] synthesizing module 'Top_level' [E:/DE1_project/period-counter/period-counter.srcs/sources_1/new/Top_level.vhd:50]
INFO: [Synth 8-3491] module 'bin2PWM' declared at 'E:/DE1_project/period-counter/period-counter.srcs/sources_1/new/bin2PWM.vhd:34' bound to instance 'B2PWM' of component 'bin2PWM' [E:/DE1_project/period-counter/period-counter.srcs/sources_1/new/Top_level.vhd:65]
INFO: [Synth 8-638] synthesizing module 'bin2PWM' [E:/DE1_project/period-counter/period-counter.srcs/sources_1/new/bin2PWM.vhd:41]
INFO: [Synth 8-3491] module 'angle2pulse' declared at 'C:/Users/246936/Downloads/angle2pulse.vhd:35' bound to instance 'A2Pulse' of component 'angle2pulse' [E:/DE1_project/period-counter/period-counter.srcs/sources_1/new/bin2PWM.vhd:60]
INFO: [Synth 8-638] synthesizing module 'angle2pulse' [C:/Users/246936/Downloads/angle2pulse.vhd:42]
WARNING: [Synth 8-614] signal 'angle' is read in the process but is not in the sensitivity list [C:/Users/246936/Downloads/angle2pulse.vhd:48]
INFO: [Synth 8-256] done synthesizing module 'angle2pulse' (1#1) [C:/Users/246936/Downloads/angle2pulse.vhd:42]
	Parameter PERIOD bound to: 600000 - type: integer 
INFO: [Synth 8-3491] module 'clock_enable' declared at 'C:/Users/246936/Documents/counter/counter.srcs/sources_1/new/clock_enable.vhd:35' bound to instance 'clock_en' of component 'clock_enable' [E:/DE1_project/period-counter/period-counter.srcs/sources_1/new/bin2PWM.vhd:74]
INFO: [Synth 8-638] synthesizing module 'clock_enable' [C:/Users/246936/Documents/counter/counter.srcs/sources_1/new/clock_enable.vhd:44]
	Parameter PERIOD bound to: 600000 - type: integer 
INFO: [Synth 8-256] done synthesizing module 'clock_enable' (2#1) [C:/Users/246936/Documents/counter/counter.srcs/sources_1/new/clock_enable.vhd:44]
INFO: [Synth 8-256] done synthesizing module 'bin2PWM' (3#1) [E:/DE1_project/period-counter/period-counter.srcs/sources_1/new/bin2PWM.vhd:41]
INFO: [Synth 8-256] done synthesizing module 'Top_level' (4#1) [E:/DE1_project/period-counter/period-counter.srcs/sources_1/new/Top_level.vhd:50]
---------------------------------------------------------------------------------
Finished RTL Elaboration : Time (s): cpu = 00:00:05 ; elapsed = 00:00:06 . Memory (MB): peak = 985.945 ; gain = 0.000
---------------------------------------------------------------------------------
---------------------------------------------------------------------------------
Start Handling Custom Attributes
---------------------------------------------------------------------------------
---------------------------------------------------------------------------------
Finished Handling Custom Attributes : Time (s): cpu = 00:00:05 ; elapsed = 00:00:07 . Memory (MB): peak = 985.945 ; gain = 0.000
---------------------------------------------------------------------------------
---------------------------------------------------------------------------------
Finished RTL Optimization Phase 1 : Time (s): cpu = 00:00:05 ; elapsed = 00:00:07 . Memory (MB): peak = 985.945 ; gain = 0.000
---------------------------------------------------------------------------------
Netlist sorting complete. Time (s): cpu = 00:00:00 ; elapsed = 00:00:00.002 . Memory (MB): peak = 985.945 ; gain = 0.000
INFO: [Project 1-570] Preparing netlist for logic optimization

Processing XDC Constraints
Initializing timing engine
Parsing XDC File [E:/DE1_project/period-counter/period-counter.srcs/constrs_1/new/Nexys_A7.xdc]
Finished Parsing XDC File [E:/DE1_project/period-counter/period-counter.srcs/constrs_1/new/Nexys_A7.xdc]
INFO: [Project 1-236] Implementation specific constraints were found while reading constraint file [E:/DE1_project/period-counter/period-counter.srcs/constrs_1/new/Nexys_A7.xdc]. These constraints will be ignored for synthesis but will be used in implementation. Impacted constraints are listed in the file [.Xil/Top_level_propImpl.xdc].
Resolution: To avoid this warning, move constraints listed in [.Xil/Top_level_propImpl.xdc] to another XDC file and exclude this new file from synthesis with the used_in_synthesis property (File Properties dialog in GUI) and re-run elaboration/synthesis.
Completed Processing XDC Constraints

Netlist sorting complete. Time (s): cpu = 00:00:00 ; elapsed = 00:00:00 . Memory (MB): peak = 985.945 ; gain = 0.000
INFO: [Project 1-111] Unisim Transformation Summary:
No Unisim elements were transformed.

Constraint Validation Runtime : Time (s): cpu = 00:00:00 ; elapsed = 00:00:00.006 . Memory (MB): peak = 985.945 ; gain = 0.000
---------------------------------------------------------------------------------
Finished Constraint Validation : Time (s): cpu = 00:00:11 ; elapsed = 00:00:13 . Memory (MB): peak = 985.945 ; gain = 0.000
---------------------------------------------------------------------------------
---------------------------------------------------------------------------------
Start Loading Part and Timing Information
---------------------------------------------------------------------------------
Loading part: xc7a50ticsg324-1L
---------------------------------------------------------------------------------
Finished Loading Part and Timing Information : Time (s): cpu = 00:00:11 ; elapsed = 00:00:13 . Memory (MB): peak = 985.945 ; gain = 0.000
---------------------------------------------------------------------------------
---------------------------------------------------------------------------------
Start Applying 'set_property' XDC Constraints
---------------------------------------------------------------------------------
---------------------------------------------------------------------------------
Finished applying 'set_property' XDC Constraints : Time (s): cpu = 00:00:11 ; elapsed = 00:00:13 . Memory (MB): peak = 985.945 ; gain = 0.000
---------------------------------------------------------------------------------
---------------------------------------------------------------------------------
Finished RTL Optimization Phase 2 : Time (s): cpu = 00:00:11 ; elapsed = 00:00:13 . Memory (MB): peak = 985.945 ; gain = 0.000
---------------------------------------------------------------------------------
---------------------------------------------------------------------------------
Start RTL Component Statistics 
---------------------------------------------------------------------------------
Detailed RTL Component Info : 
+---Adders : 
	   2 Input   19 Bit       Adders := 1     
+---Registers : 
	                1 Bit    Registers := 3     
+---Muxes : 
	   2 Input    1 Bit        Muxes := 2     
---------------------------------------------------------------------------------
Finished RTL Component Statistics 
---------------------------------------------------------------------------------
---------------------------------------------------------------------------------
Start Part Resource Summary
---------------------------------------------------------------------------------
Part Resources:
DSPs: 120 (col length:60)
BRAMs: 150 (col length: RAMB18 60 RAMB36 30)
---------------------------------------------------------------------------------
Finished Part Resource Summary
---------------------------------------------------------------------------------
---------------------------------------------------------------------------------
Start Cross Boundary and Area Optimization
---------------------------------------------------------------------------------
DSP Report: Generating DSP B2PWM/A2Pulse/count2, operation Mode is: (C:0x186a0)+(A:0x22b)*B.
DSP Report: operator B2PWM/A2Pulse/count2 is absorbed into DSP B2PWM/A2Pulse/count2.
DSP Report: operator B2PWM/A2Pulse/count3 is absorbed into DSP B2PWM/A2Pulse/count2.
---------------------------------------------------------------------------------
Finished Cross Boundary and Area Optimization : Time (s): cpu = 00:00:12 ; elapsed = 00:00:15 . Memory (MB): peak = 985.945 ; gain = 0.000
---------------------------------------------------------------------------------
---------------------------------------------------------------------------------
Start ROM, RAM, DSP, Shift Register and Retiming Reporting
---------------------------------------------------------------------------------

DSP: Preliminary Mapping	Report (see note below)
+------------+-------------------------+--------+--------+--------+--------+--------+------+------+------+------+-------+------+------+
|Module Name | DSP Mapping             | A Size | B Size | C Size | D Size | P Size | AREG | BREG | CREG | DREG | ADREG | MREG | PREG | 
+------------+-------------------------+--------+--------+--------+--------+--------+------+------+------+------+-------+------+------+
|angle2pulse | (C:0x186a0)+(A:0x22b)*B | 8      | 10     | 17     | -      | 18     | 0    | 0    | 0    | -    | -     | 0    | 0    | 
+------------+-------------------------+--------+--------+--------+--------+--------+------+------+------+------+-------+------+------+

Note: The table above is a preliminary report that shows the DSPs inferred at the current stage of the synthesis flow. Some DSP may be reimplemented as non DSP primitives later in the synthesis flow. Multiple instantiated DSPs are reported only once.
---------------------------------------------------------------------------------
Finished ROM, RAM, DSP, Shift Register and Retiming Reporting
---------------------------------------------------------------------------------
---------------------------------------------------------------------------------
Start Applying XDC Timing Constraints
---------------------------------------------------------------------------------
---------------------------------------------------------------------------------
Finished Applying XDC Timing Constraints : Time (s): cpu = 00:00:17 ; elapsed = 00:00:20 . Memory (MB): peak = 985.945 ; gain = 0.000
---------------------------------------------------------------------------------
---------------------------------------------------------------------------------
Start Timing Optimization
---------------------------------------------------------------------------------
---------------------------------------------------------------------------------
Finished Timing Optimization : Time (s): cpu = 00:00:17 ; elapsed = 00:00:20 . Memory (MB): peak = 985.945 ; gain = 0.000
---------------------------------------------------------------------------------
---------------------------------------------------------------------------------
Start Technology Mapping
---------------------------------------------------------------------------------
---------------------------------------------------------------------------------
Finished Technology Mapping : Time (s): cpu = 00:00:17 ; elapsed = 00:00:20 . Memory (MB): peak = 985.945 ; gain = 0.000
---------------------------------------------------------------------------------
---------------------------------------------------------------------------------
Start IO Insertion
---------------------------------------------------------------------------------
---------------------------------------------------------------------------------
Start Flattening Before IO Insertion
---------------------------------------------------------------------------------
---------------------------------------------------------------------------------
Finished Flattening Before IO Insertion
---------------------------------------------------------------------------------
---------------------------------------------------------------------------------
Start Final Netlist Cleanup
---------------------------------------------------------------------------------
---------------------------------------------------------------------------------
Finished Final Netlist Cleanup
---------------------------------------------------------------------------------
---------------------------------------------------------------------------------
Finished IO Insertion : Time (s): cpu = 00:00:21 ; elapsed = 00:00:23 . Memory (MB): peak = 987.512 ; gain = 1.566
---------------------------------------------------------------------------------
---------------------------------------------------------------------------------
Start Renaming Generated Instances
---------------------------------------------------------------------------------
---------------------------------------------------------------------------------
Finished Renaming Generated Instances : Time (s): cpu = 00:00:21 ; elapsed = 00:00:23 . Memory (MB): peak = 987.512 ; gain = 1.566
---------------------------------------------------------------------------------
---------------------------------------------------------------------------------
Start Rebuilding User Hierarchy
---------------------------------------------------------------------------------
---------------------------------------------------------------------------------
Finished Rebuilding User Hierarchy : Time (s): cpu = 00:00:21 ; elapsed = 00:00:23 . Memory (MB): peak = 987.512 ; gain = 1.566
---------------------------------------------------------------------------------
---------------------------------------------------------------------------------
Start Renaming Generated Ports
---------------------------------------------------------------------------------
---------------------------------------------------------------------------------
Finished Renaming Generated Ports : Time (s): cpu = 00:00:21 ; elapsed = 00:00:23 . Memory (MB): peak = 987.512 ; gain = 1.566
---------------------------------------------------------------------------------
---------------------------------------------------------------------------------
Start Handling Custom Attributes
---------------------------------------------------------------------------------
---------------------------------------------------------------------------------
Finished Handling Custom Attributes : Time (s): cpu = 00:00:21 ; elapsed = 00:00:23 . Memory (MB): peak = 987.512 ; gain = 1.566
---------------------------------------------------------------------------------
---------------------------------------------------------------------------------
Start Renaming Generated Nets
---------------------------------------------------------------------------------
---------------------------------------------------------------------------------
Finished Renaming Generated Nets : Time (s): cpu = 00:00:21 ; elapsed = 00:00:23 . Memory (MB): peak = 987.512 ; gain = 1.566
---------------------------------------------------------------------------------
---------------------------------------------------------------------------------
Start Writing Synthesis Report
---------------------------------------------------------------------------------

Report BlackBoxes: 
+-+--------------+----------+
| |BlackBox name |Instances |
+-+--------------+----------+
+-+--------------+----------+

Report Cell Usage: 
+------+------+------+
|      |Cell  |Count |
+------+------+------+
|1     |OBUF  |     1|
|2     |OBUFT |    16|
+------+------+------+
---------------------------------------------------------------------------------
Finished Writing Synthesis Report : Time (s): cpu = 00:00:21 ; elapsed = 00:00:23 . Memory (MB): peak = 987.512 ; gain = 1.566
---------------------------------------------------------------------------------
Synthesis finished with 0 errors, 0 critical warnings and 0 warnings.
Synthesis Optimization Runtime : Time (s): cpu = 00:00:14 ; elapsed = 00:00:22 . Memory (MB): peak = 987.512 ; gain = 1.566
Synthesis Optimization Complete : Time (s): cpu = 00:00:21 ; elapsed = 00:00:23 . Memory (MB): peak = 987.512 ; gain = 1.566
INFO: [Project 1-571] Translating synthesized netlist
Netlist sorting complete. Time (s): cpu = 00:00:00 ; elapsed = 00:00:00 . Memory (MB): peak = 999.652 ; gain = 0.000
INFO: [Project 1-570] Preparing netlist for logic optimization
INFO: [Opt 31-138] Pushed 0 inverter(s) to 0 load pin(s).
Netlist sorting complete. Time (s): cpu = 00:00:00 ; elapsed = 00:00:00 . Memory (MB): peak = 1004.617 ; gain = 0.000
INFO: [Project 1-111] Unisim Transformation Summary:
No Unisim elements were transformed.

INFO: [Common 17-83] Releasing license: Synthesis
24 Infos, 1 Warnings, 0 Critical Warnings and 0 Errors encountered.
synth_design completed successfully
synth_design: Time (s): cpu = 00:00:26 ; elapsed = 00:00:30 . Memory (MB): peak = 1004.617 ; gain = 18.672
INFO: [Common 17-1381] The checkpoint 'E:/DE1_project/period-counter/period-counter.runs/synth_1/Top_level.dcp' has been generated.
INFO: [runtcl-4] Executing : report_utilization -file Top_level_utilization_synth.rpt -pb Top_level_utilization_synth.pb
INFO: [Common 17-206] Exiting Vivado at Fri Apr 12 10:45:38 2024...
